生成启动时间为 2021/7/20 23:24:18。
     1>项目“C:\Users\1\Desktop\Code\test_7_20\test_7_20\test_7_20.vcxproj”在节点 2 上(build 个目标)。
     1>InitializeBuildStatus:
         正在对“Debug\test_7_20.unsuccessfulbuild”执行 Touch 任务。
       ClCompile:
         所有输出均为最新。
       Link:
         D:\VS 2010\VC\bin\link.exe /ERRORREPORT:PROMPT /OUT:"C:\Users\1\Desktop\Code\test_7_20\Debug\test_7_20.exe" /NOLOGO kernel32.lib user32.lib gdi32.lib winspool.lib comdlg32.lib advapi32.lib shell32.lib ole32.lib oleaut32.lib uuid.lib odbc32.lib odbccp32.lib /MANIFEST /ManifestFile:"Debug\test_7_20.exe.intermediate.manifest" /MANIFESTUAC:"level='asInvoker' uiAccess='false'" /DEBUG /PDB:"C:\Users\1\Desktop\Code\test_7_20\Debug\test_7_20.pdb" /SUBSYSTEM:CONSOLE /TLBID:1 /DYNAMICBASE /NXCOMPAT /IMPLIB:"C:\Users\1\Desktop\Code\test_7_20\Debug\test_7_20.lib" /MACHINE:X86 Debug\1.obj
         Debug\test.obj
     1>test.obj : error LNK2005: _main 已经在 1.obj 中定义
     1>C:\Users\1\Desktop\Code\test_7_20\Debug\test_7_20.exe : fatal error LNK1169: 找到一个或多个多重定义的符号
     1>已完成生成项目“C:\Users\1\Desktop\Code\test_7_20\test_7_20\test_7_20.vcxproj”(build 个目标)的操作 - 失败。

生成失败。

已用时间 00:00:00.13
